<?xml version="1.0" encoding="UTF-8"?>
<!-- Generated by org.testng.reporters.JUnitXMLReporter -->
<testsuite hostname="Mohammeds-MBP.cable.rcn.com" ignored="0" name="Default test" tests="2" failures="0" timestamp="07 Oct 2021 02:02:26 GMT" time="17.355" errors="0">
  <testcase name="getDataFromDataProvider" time="8.717" classname="com.stepdefinations.DataProviderTest"/>
  <testcase name="getDataFromDataProvider" time="8.593" classname="com.stepdefinations.DataProviderTest"/>
</testsuite> <!-- Default test -->
