<?xml version="1.0" encoding="UTF-8"?>
<!-- Generated by org.testng.reporters.JUnitXMLReporter -->
<testsuite hostname="Mohammeds-MBP" ignored="0" name="Default test" tests="2" failures="0" timestamp="30 Oct 2021 23:41:43 GMT" time="0.12" errors="0">
  <testcase name="FileNotFoundException" time="0.027" classname="practice.collections.codes.ExceptionTest"/>
  <testcase name="NumberFormatException" time="0.006" classname="practice.collections.codes.ExceptionTest"/>
</testsuite> <!-- Default test -->
